<?xml version="1.0" encoding="UTF-8"?>
<testng-results ignored="0" total="0" passed="0" failed="0" skipped="0">
  <reporter-output>
  </reporter-output>
  <suite started-at="2025-06-05T01:18:32 CEST" name="Default suite" finished-at="2025-06-05T01:18:32 CEST" duration-ms="8">
    <groups>
    </groups>
    <test started-at="2025-06-05T01:18:32 CEST" name="Default test" finished-at="2025-06-05T01:18:32 CEST" duration-ms="8">
    </test> <!-- Default test -->
  </suite> <!-- Default suite -->
</testng-results>
